<?xml version="1.0" encoding="UTF-8"?>
<!-- Generated by org.testng.reporters.JUnitReportReporter -->
<testsuite skipped="0" hostname="LAPTOP-BKSODKPH" name="testngFramework.GetRecipt" tests="1" failures="0" timestamp="2021-06-02T16:46:15 IST" time="8.604" errors="0">
  <testcase name="getReciptforconsumer" time="8.604" classname="testngFramework.GetRecipt"/>
  <system-out/>
</testsuite> <!-- testngFramework.GetRecipt -->
